<?xml version="1.0" encoding="UTF-8"?>
<!-- Generated by org.testng.reporters.JUnitReportReporter -->
<testsuite skipped="0" hostname="WHM0004922.local" name="com.testPages.UserCasesServiceGet" tests="8" failures="0" timestamp="2022-05-14T16:52:53 CEST" time="0.402" errors="0">
  <testcase name="accessingUsers" time="0.030" classname="com.testPages.UserCasesServiceGet"/>
  <system-out/>
  <testcase name="accessingClosedCases" time="0.108" classname="com.testPages.UserCasesServiceGet"/>
  <system-out>
    <![CDATA[Status code is : 200
Actual string: [ 200 ] is matching with Expected string: [ 200 ]]]>
  </system-out>
  <testcase name="accessingOpenCases" time="0.063" classname="com.testPages.UserCasesServiceGet"/>
  <system-out>
    <![CDATA[Status code is : 200
Actual string: [ 200 ] is matching with Expected string: [ 200 ]]]>
  </system-out>
  <testcase name="accessingUsersByID" time="0.041" classname="com.testPages.UserCasesServiceGet"/>
  <system-out>
    <![CDATA[Status code is : 200
Actual string: [ 200 ] is matching with Expected string: [ 200 ]]]>
  </system-out>
  <testcase name="accessingUsersCaseByID" time="0.054" classname="com.testPages.UserCasesServiceGet"/>
  <system-out>
    <![CDATA[Status code is : 200
Actual string: [ 200 ] is matching with Expected string: [ 200 ]]]>
  </system-out>
  <testcase name="accessingUsersCases" time="0.034" classname="com.testPages.UserCasesServiceGet"/>
  <system-out>
    <![CDATA[Status code is : 200
Actual string: [ 200 ] is matching with Expected string: [ 200 ]]]>
  </system-out>
  <testcase name="accessingAllOpenCases" time="0.042" classname="com.testPages.UserCasesServiceGet"/>
  <system-out/>
  <testcase name="accessingAllClosedCases" time="0.030" classname="com.testPages.UserCasesServiceGet"/>
  <system-out/>
</testsuite> <!-- com.testPages.UserCasesServiceGet -->
