<?xml version="1.0" encoding="UTF-8"?>
<!-- Generated by org.testng.reporters.JUnitReportReporter -->
<testsuite skipped="0" hostname="WHM0004922.local" name="com.testPages.UserCasesServicePost" tests="2" failures="0" timestamp="2022-05-14T16:30:05 CEST" time="1.151" errors="0">
  <testcase name="CreatingexistenceUser" time="0.022" classname="com.testPages.UserCasesServicePost"/>
  <system-out/>
  <testcase name="CreatingANewUser" time="1.129" classname="com.testPages.UserCasesServicePost"/>
  <system-out/>
</testsuite> <!-- com.testPages.UserCasesServicePost -->
