<?xml version="1.0" encoding="UTF-8"?>
<!-- Generated by org.testng.reporters.JUnitReportReporter -->
<testsuite skipped="0" hostname="WHM0004922.local" name="com.testPages.UserCasesService" tests="2" failures="0" timestamp="2022-05-14T14:05:23 CEST" time="1.235" errors="0">
  <testcase name="accessingUsers" time="1.078" classname="com.testPages.UserCasesService"/>
  <system-out/>
  <testcase name="accessingUsersByID" time="0.157" classname="com.testPages.UserCasesService"/>
  <system-out>
    <![CDATA[Status code is : 200
Actual string: [ 200 ] is matching with Expected string: [ 200 ]]]>
  </system-out>
</testsuite> <!-- com.testPages.UserCasesService -->
