<?xml version="1.0" encoding="UTF-8"?>
<!-- Generated by org.testng.reporters.JUnitReportReporter -->
<testsuite skipped="1" hostname="WHM0004922.local" name="com.testPages.postmanReq" tests="3" failures="0" timestamp="2022-05-14T13:53:37 CEST" time="3.701" errors="0">
  <testcase name="getResp" time="2.041" classname="com.testPages.postmanReq"/>
  <system-out/>
  <testcase name="testStatusCode" time="1.660" classname="com.testPages.postmanReq"/>
  <system-out>
    <![CDATA[Status code is : 200
Actual string: [ 200 ] is matching with Expected string: [ 200 ]]]>
  </system-out>
  <testcase name="testBody" classname="com.testPages.postmanReq">
    <skipped/>
  </testcase> <!-- testBody -->
  <system-out/>
</testsuite> <!-- com.testPages.postmanReq -->
