<?xml version="1.0" encoding="UTF-8"?>
<!-- Generated by org.testng.reporters.JUnitReportReporter -->
<testsuite skipped="1" hostname="WHM0004922.local" name="com.testPages.GoogleAPI" tests="2" failures="0" timestamp="2022-05-14T13:54:43 CEST" time="2.690" errors="0">
  <testcase name="testGoogleResp" time="2.690" classname="com.testPages.GoogleAPI"/>
  <system-out/>
  <testcase name="validateGoogleResp" classname="com.testPages.GoogleAPI">
    <skipped/>
  </testcase> <!-- validateGoogleResp -->
  <system-out/>
</testsuite> <!-- com.testPages.GoogleAPI -->
